<?xml version="1.0" encoding="UTF-8"?>
<!-- Generated by org.testng.reporters.JUnitReportReporter -->
<testsuite skipped="0" hostname="JOHN" name="scripts.TestBlue18" tests="1" failures="0" timestamp="2019-10-21T14:20:56 IST" time="55.629" errors="0">
  <testcase name="twentygmgoldcoin" time="55.629" classname="scripts.TestBlue18"/>
</testsuite> <!-- scripts.TestBlue18 -->
