<?xml version="1.0" encoding="UTF-8"?>
<!-- Generated by org.testng.reporters.JUnitReportReporter -->
<testsuite skipped="0" hostname="JOHN" name="scripts.TestBlue25" tests="1" failures="0" timestamp="2019-10-22T11:32:20 IST" time="24.994" errors="0">
  <testcase name="platinumrings" time="24.994" classname="scripts.TestBlue25"/>
</testsuite> <!-- scripts.TestBlue25 -->
