<?xml version="1.0" encoding="UTF-8"?>
<!-- Generated by org.testng.reporters.JUnitReportReporter -->
<testsuite skipped="0" hostname="JOHN" name="scripts.TestBlue17" tests="1" failures="0" timestamp="2019-10-21T14:05:05 IST" time="91.441" errors="0">
  <testcase name="twentygmgoldcoin" time="91.441" classname="scripts.TestBlue17"/>
</testsuite> <!-- scripts.TestBlue17 -->
