<?xml version="1.0" encoding="UTF-8"?>
<!-- Generated by org.testng.reporters.JUnitReportReporter -->
<testsuite skipped="0" hostname="JOHN" name="scripts.TestBlue16" tests="1" failures="0" timestamp="2019-10-21T14:00:55 IST" time="61.886" errors="0">
  <testcase name="twentygmgoldcoin" time="61.886" classname="scripts.TestBlue16"/>
</testsuite> <!-- scripts.TestBlue16 -->
